c:\users\lenovo\source\repos\bookshopmy\bookshopmy\debug\vc141.pdb
c:\users\lenovo\source\repos\bookshopmy\bookshopmy\debug\vc141.idb
c:\users\lenovo\source\repos\bookshopmy\bookshopmy\debug\validdata.obj
c:\users\lenovo\source\repos\bookshopmy\bookshopmy\debug\userbase.obj
c:\users\lenovo\source\repos\bookshopmy\bookshopmy\debug\user.obj
c:\users\lenovo\source\repos\bookshopmy\bookshopmy\debug\menu.obj
c:\users\lenovo\source\repos\bookshopmy\bookshopmy\debug\main.obj
c:\users\lenovo\source\repos\bookshopmy\bookshopmy\debug\icryptdata.obj
c:\users\lenovo\source\repos\bookshopmy\bookshopmy\debug\creditcard.obj
c:\users\lenovo\source\repos\bookshopmy\bookshopmy\debug\client.obj
c:\users\lenovo\source\repos\bookshopmy\bookshopmy\debug\catalog.obj
c:\users\lenovo\source\repos\bookshopmy\bookshopmy\debug\cart.obj
c:\users\lenovo\source\repos\bookshopmy\bookshopmy\debug\buyer.obj
c:\users\lenovo\source\repos\bookshopmy\bookshopmy\debug\bookshop.obj
c:\users\lenovo\source\repos\bookshopmy\bookshopmy\debug\bookforsale.obj
c:\users\lenovo\source\repos\bookshopmy\bookshopmy\debug\book.obj
c:\users\lenovo\source\repos\bookshopmy\bookshopmy\debug\bank.obj
c:\users\lenovo\source\repos\bookshopmy\bookshopmy\debug\admin.obj
c:\users\lenovo\source\repos\bookshopmy\debug\bookshopmy.exe
c:\users\lenovo\source\repos\bookshopmy\debug\bookshopmy.ilk
c:\users\lenovo\source\repos\bookshopmy\debug\bookshopmy.pdb
c:\users\lenovo\source\repos\bookshopmy\bookshopmy\debug\bookshopmy.tlog\cl.command.1.tlog
c:\users\lenovo\source\repos\bookshopmy\bookshopmy\debug\bookshopmy.tlog\cl.read.1.tlog
c:\users\lenovo\source\repos\bookshopmy\bookshopmy\debug\bookshopmy.tlog\cl.write.1.tlog
c:\users\lenovo\source\repos\bookshopmy\bookshopmy\debug\bookshopmy.tlog\link.command.1.tlog
c:\users\lenovo\source\repos\bookshopmy\bookshopmy\debug\bookshopmy.tlog\link.read.1.tlog
c:\users\lenovo\source\repos\bookshopmy\bookshopmy\debug\bookshopmy.tlog\link.write.1.tlog
